<?xml version="1.0" encoding="UTF-8"?>
<testng-results ignored="0" total="6" passed="6" failed="0" skipped="0">
  <reporter-output>
  </reporter-output>
  <suite started-at="2024-04-06T18:50:24 IST" name="Suite" finished-at="2024-04-06T18:52:14 IST" duration-ms="109751">
    <groups>
      <group name="regression">
        <method signature="TC003_Googlesignin.verifyLoginPage()[pri:0, instance:testcases.TC003_Googlesignin@7c9d8e2]" name="verifyLoginPage" class="testcases.TC003_Googlesignin"/>
        <method signature="TC003_Googlesignin.verifyGoogleLogin()[pri:0, instance:testcases.TC003_Googlesignin@7c9d8e2]" name="verifyGoogleLogin" class="testcases.TC003_Googlesignin"/>
        <method signature="TC002_Usedcars.UsedCarDetails()[pri:0, instance:testcases.TC002_Usedcars@23348b5d]" name="UsedCarDetails" class="testcases.TC002_Usedcars"/>
        <method signature="TC003_Googlesignin.verifyLoginPage()[pri:0, instance:testcases.TC003_Googlesignin@424e1977]" name="verifyLoginPage" class="testcases.TC003_Googlesignin"/>
        <method signature="TC003_Googlesignin.verifyGoogleLogin()[pri:0, instance:testcases.TC003_Googlesignin@424e1977]" name="verifyGoogleLogin" class="testcases.TC003_Googlesignin"/>
        <method signature="TC002_Usedcars.UsedCarDetails()[pri:0, instance:testcases.TC002_Usedcars@31f9b85e]" name="UsedCarDetails" class="testcases.TC002_Usedcars"/>
      </group> <!-- regression -->
      <group name="smoke">
        <method signature="TC003_Googlesignin.verifyLoginPage()[pri:0, instance:testcases.TC003_Googlesignin@7c9d8e2]" name="verifyLoginPage" class="testcases.TC003_Googlesignin"/>
        <method signature="TC003_Googlesignin.verifyLoginPage()[pri:0, instance:testcases.TC003_Googlesignin@424e1977]" name="verifyLoginPage" class="testcases.TC003_Googlesignin"/>
      </group> <!-- smoke -->
      <group name="master">
        <method signature="TC003_Googlesignin.verifyLoginPage()[pri:0, instance:testcases.TC003_Googlesignin@7c9d8e2]" name="verifyLoginPage" class="testcases.TC003_Googlesignin"/>
        <method signature="TC003_Googlesignin.verifyGoogleLogin()[pri:0, instance:testcases.TC003_Googlesignin@7c9d8e2]" name="verifyGoogleLogin" class="testcases.TC003_Googlesignin"/>
        <method signature="TC002_Usedcars.UsedCarDetails()[pri:0, instance:testcases.TC002_Usedcars@23348b5d]" name="UsedCarDetails" class="testcases.TC002_Usedcars"/>
        <method signature="TC003_Googlesignin.verifyLoginPage()[pri:0, instance:testcases.TC003_Googlesignin@424e1977]" name="verifyLoginPage" class="testcases.TC003_Googlesignin"/>
        <method signature="TC003_Googlesignin.verifyGoogleLogin()[pri:0, instance:testcases.TC003_Googlesignin@424e1977]" name="verifyGoogleLogin" class="testcases.TC003_Googlesignin"/>
        <method signature="TC002_Usedcars.UsedCarDetails()[pri:0, instance:testcases.TC002_Usedcars@31f9b85e]" name="UsedCarDetails" class="testcases.TC002_Usedcars"/>
      </group> <!-- master -->
    </groups>
    <test started-at="2024-04-06T18:50:24 IST" name="ChromeTest" finished-at="2024-04-06T18:51:15 IST" duration-ms="50904">
      <class name="testcases.TC003_Googlesignin">
        <test-method signature="verifyLoginPage()[pri:0, instance:testcases.TC003_Googlesignin@7c9d8e2]" started-at="2024-04-06T18:50:42 IST" name="verifyLoginPage" finished-at="2024-04-06T18:50:58 IST" duration-ms="16460" status="PASS">
          <reporter-output>
          </reporter-output>
        </test-method> <!-- verifyLoginPage -->
        <test-method signature="verifyGoogleLogin()[pri:0, instance:testcases.TC003_Googlesignin@7c9d8e2]" started-at="2024-04-06T18:50:58 IST" name="verifyGoogleLogin" finished-at="2024-04-06T18:51:14 IST" depends-on-methods="testcases.TC003_Googlesignin.verifyLoginPage" duration-ms="15817" status="PASS">
          <reporter-output>
          </reporter-output>
        </test-method> <!-- verifyGoogleLogin -->
      </class> <!-- testcases.TC003_Googlesignin -->
      <class name="testcases.TC002_Usedcars">
        <test-method signature="UsedCarDetails()[pri:0, instance:testcases.TC002_Usedcars@23348b5d]" started-at="2024-04-06T18:50:33 IST" name="UsedCarDetails" finished-at="2024-04-06T18:50:41 IST" duration-ms="8040" status="PASS">
          <reporter-output>
          </reporter-output>
        </test-method> <!-- UsedCarDetails -->
      </class> <!-- testcases.TC002_Usedcars -->
      <class name="testcases.TC001_Upcomingbikes">
        <test-method is-config="true" signature="invokeBrowser(java.lang.String,java.lang.String)[pri:0, instance:testcases.TC001_Upcomingbikes@2925bf5b]" started-at="2024-04-06T18:50:25 IST" name="invokeBrowser" finished-at="2024-04-06T18:50:33 IST" duration-ms="8307" status="PASS">
          <params>
            <param index="0">
              <value>
                <![CDATA[Windows]]>
              </value>
            </param>
            <param index="1">
              <value>
                <![CDATA[chrome]]>
              </value>
            </param>
          </params>
          <reporter-output>
          </reporter-output>
        </test-method> <!-- invokeBrowser -->
        <test-method is-config="true" signature="tearDown()[pri:0, instance:testcases.TC001_Upcomingbikes@2925bf5b]" started-at="2024-04-06T18:51:14 IST" name="tearDown" finished-at="2024-04-06T18:51:15 IST" duration-ms="1099" status="PASS">
          <reporter-output>
          </reporter-output>
        </test-method> <!-- tearDown -->
      </class> <!-- testcases.TC001_Upcomingbikes -->
    </test> <!-- ChromeTest -->
    <test started-at="2024-04-06T18:51:21 IST" name="EdgeTest" finished-at="2024-04-06T18:52:14 IST" duration-ms="53353">
      <class name="testcases.TC003_Googlesignin">
        <test-method signature="verifyLoginPage()[pri:0, instance:testcases.TC003_Googlesignin@424e1977]" started-at="2024-04-06T18:51:39 IST" name="verifyLoginPage" finished-at="2024-04-06T18:51:56 IST" duration-ms="17072" status="PASS">
          <reporter-output>
          </reporter-output>
        </test-method> <!-- verifyLoginPage -->
        <test-method signature="verifyGoogleLogin()[pri:0, instance:testcases.TC003_Googlesignin@424e1977]" started-at="2024-04-06T18:51:57 IST" name="verifyGoogleLogin" finished-at="2024-04-06T18:52:13 IST" depends-on-methods="testcases.TC003_Googlesignin.verifyLoginPage" duration-ms="16197" status="PASS">
          <reporter-output>
          </reporter-output>
        </test-method> <!-- verifyGoogleLogin -->
      </class> <!-- testcases.TC003_Googlesignin -->
      <class name="testcases.TC002_Usedcars">
        <test-method signature="UsedCarDetails()[pri:0, instance:testcases.TC002_Usedcars@31f9b85e]" started-at="2024-04-06T18:51:31 IST" name="UsedCarDetails" finished-at="2024-04-06T18:51:39 IST" duration-ms="7470" status="PASS">
          <reporter-output>
          </reporter-output>
        </test-method> <!-- UsedCarDetails -->
      </class> <!-- testcases.TC002_Usedcars -->
      <class name="testcases.TC001_Upcomingbikes">
        <test-method is-config="true" signature="invokeBrowser(java.lang.String,java.lang.String)[pri:0, instance:testcases.TC001_Upcomingbikes@762ef0ea]" started-at="2024-04-06T18:51:21 IST" name="invokeBrowser" finished-at="2024-04-06T18:51:31 IST" duration-ms="10512" status="PASS">
          <params>
            <param index="0">
              <value>
                <![CDATA[Windows]]>
              </value>
            </param>
            <param index="1">
              <value>
                <![CDATA[edge]]>
              </value>
            </param>
          </params>
          <reporter-output>
          </reporter-output>
        </test-method> <!-- invokeBrowser -->
        <test-method is-config="true" signature="tearDown()[pri:0, instance:testcases.TC001_Upcomingbikes@762ef0ea]" started-at="2024-04-06T18:52:13 IST" name="tearDown" finished-at="2024-04-06T18:52:14 IST" duration-ms="1173" status="PASS">
          <reporter-output>
          </reporter-output>
        </test-method> <!-- tearDown -->
      </class> <!-- testcases.TC001_Upcomingbikes -->
    </test> <!-- EdgeTest -->
  </suite> <!-- Suite -->
</testng-results>
