<?xml version="1.0" encoding="UTF-8"?>
<!-- Generated by org.testng.reporters.JUnitXMLReporter -->
<testsuite ignored="4" hostname="LTIN514030" failures="0" tests="3" name="ChromeTest" time="50.904" errors="0" timestamp="2024-04-06T18:51:21 IST">
  <testcase classname="testcases.TC002_Usedcars" name="UsedCarDetails" time="8.04"/>
  <testcase classname="testcases.TC003_Googlesignin" name="verifyLoginPage" time="16.46"/>
  <testcase classname="testcases.TC003_Googlesignin" name="verifyGoogleLogin" time="15.817"/>
  <testcase classname="testbase.Baseclass" name="@BeforeTest invokeBrowser" time="0.0">
    <ignored/>
  </testcase> <!-- @BeforeTest invokeBrowser -->
  <testcase classname="testbase.Baseclass" name="@BeforeTest invokeBrowser" time="0.0">
    <ignored/>
  </testcase> <!-- @BeforeTest invokeBrowser -->
  <testcase classname="testbase.Baseclass" name="@AfterTest tearDown" time="0.0">
    <ignored/>
  </testcase> <!-- @AfterTest tearDown -->
  <testcase classname="testbase.Baseclass" name="@AfterTest tearDown" time="0.0">
    <ignored/>
  </testcase> <!-- @AfterTest tearDown -->
</testsuite> <!-- ChromeTest -->
